 Check Payment Inited...!<br>
2018-05-14 10:26:32pm
<br>----Client with payment issue: Opinião Conservadora (id: 59)<br>
<br>
<br>

<br>----Client with payment issue:  (id: 5476)<br>
<br>
<br>

<br>----Client with payment issue: ???? Daniel Gardingo ???? SJC ???? (id: 8150)<br>
<br>
<br>

<br>----Client with payment issue: Silvinha Mantovani (id: 8945)<br>
<br>
<br>

<br>----Client with payment issue: Rodrigo Ruiz (id: 9800)<br>
<br>
<br>

<br>----Client with payment issue: ??G?????I??E ?OTÉIS ?? (id: 10259)<br>
<br>
<br>

<br>----Client with payment issue: ????JOSIAS DIAS ???? (id: 10433)<br>
<br>
<br>

<br>----Client with payment issue: Guilherme (id: 10582)<br>
<br>
<br>

<br>----Client with payment issue: Renata Fontany (id: 10984)<br>
<br>
<br>

<br>----Client with payment issue: Hué Alimentos (id: 11431)<br>
<br>
<br>

<br>----Client with payment issue: Wilson Chueire (id: 11490)<br>
<br>
<br>

<br>----Client with payment issue: Aline Marcovici Fotografia (id: 11546)<br>
<br>
<br>

<br>----Client with payment issue: Juliana Lisciotto (id: 11618)<br>
<br>
<br>

<br>----Client with payment issue: RICARDO GUTEMBERG (id: 11673)<br>
<br>
<br>

<br>----Client with payment issue: Rodas&Motores (id: 11742)<br>
<br>
<br>

<br>----Client with payment issue: Iury Toledo (id: 11789)<br>
<br>
<br>

<br>----Client with payment issue: ? David Kapper hair style ? (id: 11866)<br>
<br>
<br>

<br>----Client with payment issue: nafurtadocakes (id: 14256)<br>
<br>
<br>

<br>----Client with payment issue: CASTROL AUTO SERVICE (id: 14746)<br>
<br>
<br>

<br>----Client with payment issue: Joao Victor Giordano (id: 15576)<br>
<br>
<br>

<br>----Client with payment issue: Andrei Oliveira (id: 16227)<br>
<br>
<br>

<br>----Client with payment issue: BRZLNSKIN™ (id: 16404)<br>
<br>
<br>

<br>----Client with payment issue: Flávia Vieira D Rosa (id: 16749)<br>
<br>
<br>

<br>----Client with payment issue: A n d r e L u c i a n (id: 16993)<br>
<br>
<br>

<br>----Client with payment issue: Higor (id: 17179)<br>
<br>
<br>

<br>----Client with payment issue: Danniel Maestri (id: 17321)<br>
<br>
<br>

<br>----Client with payment issue: Danny- setudo (id: 17362)<br>
<br>
<br>

<br>----Client with payment issue: Pousada Porto de Piranhas (id: 17484)<br>
<br>
<br>

<br>----Client with payment issue: Guilherme Guimarães (id: 17556)<br>
<br>
<br>

<br>----Client with payment issue: Jhone Heber (id: 17760)<br>
<br>
<br>

<br>----Client with payment issue: Sr Rick.      (Deixe Verde????????) (id: 17899)<br>
<br>
<br>

<br>----Client with payment issue: LeandroGarcia (id: 17901)<br>
<br>
<br>

<br>----Client with payment issue: El Tranvia (id: 18479)<br>
<br>
<br>

<br>----Client with payment issue: ?arde? an??ne? ???????????? 067 (id: 18557)<br>
<br>
<br>

<br>----Client with payment issue: blanch_cosméticos???? (id: 18620)<br>
<br>
<br>

<br>----Client with payment issue: Decore Luciin (id: 18778)<br>
<br>
<br>

<br>----Client with payment issue: Williana Brito (id: 18891)<br>
<br>
<br>

<br>----Client with payment issue: Casal Bio Equilibrio (id: 19101)<br>
<br>
<br>

<br>----Client with payment issue: Isabella Rengel (id: 19420)<br>
<br>
<br>

<br>----Client with payment issue: Angelosciao (id: 19675)<br>
<br>
<br>

<br>----Client with payment issue: rekombinando | ???????????????? (id: 19768)<br>
<br>
<br>

<br>----Client with payment issue: Christian Pereira (id: 19839)<br>
<br>
<br>

<br>----Client with payment issue: Pedro Wilson (id: 19923)<br>
<br>
<br>

<br>----Client with payment issue: Marmitinhas Light Delivery (id: 20051)<br>
<br>
<br>

<br>----Client with payment issue: REVIVE SQUAD (id: 20076)<br>
<br>
<br>

<br>----Client with payment issue: A Marmitaria Delivery (id: 20089)<br>
<br>
<br>

<br>----Client with payment issue: Paula Melo (id: 20102)<br>
<br>
<br>

<br>----Client with payment issue: Jobson Alves (id: 20272)<br>
<br>
<br>

<br>----Client with payment issue: PyraInc (id: 20749)<br>
<br>
<br>

<br>----Client with payment issue: Camaçari Plaza Hotel (id: 21407)<br>
<br>
<br>

<br>----Client with payment issue: Shopping Casa & Design (id: 21602)<br>
<br>
<br>

<br>----Client with payment issue: NASIOL Brasil (id: 21870)<br>
<br>
<br>

<br>----Client with payment issue: Hamburguinhomoema (id: 21970)<br>
<br>
<br>

<br>----Client with payment issue: Zero100 (id: 22368)<br>
<br>
<br>

<br>----Client with payment issue: Remix Urbano (id: 22448)<br>
<br>
<br>

<br>----Client with payment issue: AMARANTOAMARILLO (id: 22451)<br>
<br>
<br>

<br>----Client with payment issue: Marcio Moura (id: 22955)<br>
<br>
<br>

<br>----Client with payment issue: M A R C E L O   M A R K E S (id: 23301)<br>
<br>
<br>

<br>----Client with payment issue: Hamora - Confeitaria Artesanal (id: 23389)<br>
<br>
<br>

<br>----Client with payment issue: Sem Jacar (id: 23480)<br>
<br>
<br>

<br>----Client with payment issue: JessicaIwata (id: 23760)<br>
<br>
<br>

<br>----Client with payment issue: Isabella Bernardo ???????????????? (id: 24172)<br>
<br>
<br>

<br>----Client with payment issue: suamusicapersonalizada (id: 25130)<br>
<br>
<br>

<br>----Client with payment issue: Polpa Sempre Viva (id: 25269)<br>
<br>
<br>

<br>----Client with payment issue: Maria Celeste Parra (id: 25451)<br>
<br>
<br>

<br>----Client with payment issue: Lil.Fama (id: 25968)<br>
<br>
<br>

<br>----Client with payment issue: Access denied (id: 26183)<br>
<br>
<br>

<br>----Client with payment issue: Dra. Luana Dutra (id: 26187)<br>
<br>
<br>

<br>----Client with payment issue: Klever Fagundes (id: 26244)<br>
<br>
<br>

<br>----Client with payment issue: Qualicar (id: 26647)<br>
<br>
<br>

<br>----Client with payment issue: Raphael Suss Marques (id: 26696)<br>
<br>
<br>

<br>----Client with payment issue: Dra. Bruna Amabile (id: 26986)<br>
<br>
<br>

<br>----Client with payment issue: Amanda Cozendey (id: 27205)<br>
<br>
<br>

<br>----Client with payment issue: chefsburgersartesanal (id: 27208)<br>
<br>
<br>

<br>----Client with payment issue: La Freudiana - Pizza Rústica (id: 27287)<br>
<br>
<br>

<br>----Client with payment issue: Levis Tudo'u Moda & Humor?? (id: 27308)<br>
<br>
<br>

<br>----Client with payment issue: Felipe Costa® (id: 27337)<br>
<br>
<br>

<br>----Client with payment issue: L a u r a   A z e n h a (id: 27380)<br>
<br>
<br>

<br>----Client with payment issue: Parvathi (id: 27529)<br>
<br>
<br>

<br>----Client with payment issue: Charlote Clothing (id: 27538)<br>
<br>
<br>

<br>----Client with payment issue: Thales Castro (id: 27549)<br>
<br>
<br>

<br>----Client with payment issue: Roni França (id: 27560)<br>
<br>
<br>

<br>----Client with payment issue: Marcele Lopez (id: 27567)<br>
<br>
<br>

<br>----Client with payment issue: Carla Barcellos Semi Jóias (id: 27586)<br>
<br>
<br>

<br>Client without ORDER KEY and pay data data expired!!!: game over (id: 27598)<br>
<br>Email send to client: game over<br>
<br>----Client with payment issue: Animal Zen (id: 27635)<br>
<br>
<br>

<br>----Client with payment issue: @sofylinstore (id: 27700)<br>
<br>
<br>

<br>----Client with payment issue: Mioche Menswear (id: 27726)<br>
<br>
<br>

<br>----Client with payment issue: Ilha do Caranguejo (id: 27732)<br>
<br>
<br>

<br>----Client with payment issue: Kurt ???? (id: 27734)<br>
<br>
<br>

<br>----Client with payment issue: Mercado La Barra (id: 27736)<br>
<br>
<br>

<br>----Client with payment issue: Nara Abreu (id: 27750)<br>
<br>
<br>

<br>----Client with payment issue: Girl's Garden Acessórios (id: 27761)<br>
<br>
<br>

<br>----Client with payment issue: PÂMELA OSÓRIO (id: 27772)<br>
<br>
<br>

<br>----Client with payment issue: OrthoCenter Araçatuba (id: 27836)<br>
<br>
<br>

<br>----Client with payment issue: Bruna Bertocco (id: 27843)<br>
<br>
<br>

<br>----Client with payment issue: Dankana (id: 28022)<br>
<br>
<br>

<br>----Client with payment issue: ????Aporti Marketing Digital???? (id: 28056)<br>
<br>
<br>

<br>----Client with payment issue: ? FEREFA CROCHET ? (id: 28098)<br>
<br>
<br>

<br>----Client with payment issue: ECOAN (id: 28099)<br>
<br>
<br>

<br>----Client with payment issue: Nr_Mini (id: 28105)<br>
<br>
<br>

<br>----Client with payment issue: Thaís Kellen Showroom ???????????? (id: 28119)<br>
<br>
<br>

<br>----Client with payment issue: Felício Veículos (id: 28127)<br>
<br>
<br>

<br>----Client with payment issue: Josy Carneiro (id: 28167)<br>
<br>
<br>

<br>----Client with payment issue: Nina (id: 28193)<br>
<br>
<br>

<br>----Client with payment issue: Chuá Chuá Brasília (id: 28218)<br>
<br>
<br>

<br>----Client with payment issue: Natasha Francelino Arquitetura (id: 28251)<br>
<br>
<br>

<br>----Client with payment issue: Vitor Bittencourt (id: 28271)<br>
<br>
<br>

<br>----Client with payment issue: Juliana Mota (id: 28337)<br>
<br>
<br>

<br>----Client with payment issue: Marks Tuto (id: 28383)<br>
<br>
<br>

<br>----Client with payment issue: Maria Clara Guimarães (id: 28414)<br>
<br>
<br>

<br>----Client with payment issue: Raquel (id: 28435)<br>
<br>
<br>

<br>----Client with payment issue: Anderson (id: 28447)<br>
<br>
<br>

<br>----Client with payment issue: carlota barnabe (id: 28458)<br>
<br>
<br>

<br>----Client with payment issue: Dra Tarcila Duarte ???? (id: 28460)<br>
<br>
<br>

<br>----Client with payment issue: luiz consultor asos (id: 28490)<br>
<br>
<br>

<br>----Client with payment issue: Pães da Família (id: 28554)<br>
<br>
<br>

<br>----Client with payment issue: aco_brasil (id: 28577)<br>
<br>
<br>

<br>----Client with payment issue: Karbô (id: 28614)<br>
<br>
<br>

<br>----Client with payment issue: Neovita Fisioterapia (id: 28668)<br>
<br>
<br>

<br>----Client with payment issue: Access denied (id: 28669)<br>
<br>
<br>

<br>----Client with payment issue: Rosi Araujo (id: 28680)<br>
<br>
<br>

<br>----Client with payment issue: Restaurante Miyoshi (id: 28725)<br>
<br>
<br>

<br>----Client with payment issue: ? Renata Canizares ? (id: 28752)<br>
<br>
<br>

<br>----Client with payment issue: Zoeira da Net (id: 28888)<br>
<br>
<br>

<br>----Client with payment issue: Hypinose Moda &  Acessórios (id: 28915)<br>
<br>
<br>

<br>Client without ORDER KEY and pay data data expired!!!: T. Marques (id: 28952)<br>
<br>Email send to client: T. Marques<br>
<br>Client without ORDER KEY and pay data data expired!!!: Isabella Sanches (id: 28954)<br>
<br>Email send to client: Isabella Sanches<br>
<br>----Client with payment issue: LeoCar (id: 28989)<br>
<br>
<br>

<br>----Client with payment issue: Anna Maya (id: 28994)<br>
<br>
<br>

<br>----Client with payment issue: Tatiane Dornelas (id: 28999)<br>
<br>
<br>

<br>----Client with payment issue: Meempreenda (id: 29006)<br>
<br>
<br>

<br>Client without ORDER KEY!!!: Auê Promoções (id: 146)<br>

<br>Client without ORDER KEY!!!: Jeunesse_bycrislafratta (id: 154)<br>

<br>Client without ORDER KEY!!!: POWERLOOK Vestidos de Festa (id: 234)<br>

<br>----Client with payment issue: Guto Almeida | Beauty Artist (id: 308)<br>
<br>
<br>

<br>Client without ORDER KEY!!!: joao victor vilas boas (id: 867)<br>

<br>Client without ORDER KEY!!!: GrAvER (id: 1059)<br>

<br>Client without ORDER KEY!!!: Carllos Sillva (id: 1607)<br>

<br>Client without ORDER KEY!!!: Sapato do Chef - PA (id: 2036)<br>

<br>Client without ORDER KEY!!!: Virei Loira por Gabriel Nobre (id: 2175)<br>

<br>----Client with payment issue: Felipe Marcos Cantanhede (id: 2533)<br>
<br>
<br>

<br>Client without ORDER KEY!!!: Mercado Modelo Bahia (id: 2560)<br>

<br>Client without ORDER KEY!!!: Decore Mundo (id: 2847)<br>

<br>Client without ORDER KEY!!!: ????Snap: Decoredecor (id: 3087)<br>

<br>Client without ORDER KEY!!!: Pamela Otero (id: 4827)<br>

<br>----Client with payment issue: CMB_Rodrigues_Distribuidora (id: 8916)<br>
<br>
<br>

<br>Client without ORDER KEY!!!: Dr. Ricardo Palácio (id: 9580)<br>

<br>Client without ORDER KEY!!!: Carlos skatmar???????????? (id: 9654)<br>

<br>----Client with payment issue: Hugo Rafael - WBBF PRO (id: 9715)<br>
<br>
<br>

<br>Client without ORDER KEY!!!: Dumbu (id: 9994)<br>

<br>Client without ORDER KEY!!!: Banzai Tattoo Downtown (id: 10003)<br>

<br>Client without ORDER KEY!!!: Bárbara Campos Palma (id: 10483)<br>

<br>----Client with payment issue: Mega Fire ???? (id: 10599)<br>
<br>
<br>

<br>Client without ORDER KEY!!!: sosoportunidade (id: 10833)<br>

<br>Client without ORDER KEY!!!: NoxBoy Mike (id: 11077)<br>

<br>----Client with payment issue: Michael Leandro (id: 11096)<br>
<br>
<br>

<br>----Client with payment issue: Glauber (id: 11099)<br>
<br>
<br>

<br>Client without ORDER KEY!!!: lucas (id: 11103)<br>

<br>----Client with payment issue: Weilla Alves (id: 11111)<br>
<br>
<br>

<br>----Client with payment issue: Raphael Brito*CREF 129649-G/SP (id: 11112)<br>
<br>
<br>

<br>----Client with payment issue: Vinicius Veiga (id: 11130)<br>
<br>
<br>

<br>----Client with payment issue: Delícias do Ronk (id: 11131)<br>
<br>
<br>

<br>----Client with payment issue: ????Ewerson Silva (Duduzinho) (id: 11132)<br>
<br>
<br>

<br>----Client with payment issue: Carlos Guimarães ???? (id: 11133)<br>
<br>
<br>

<br>----Client with payment issue: biel312 (id: 11142)<br>
<br>
<br>

<br>----Client with payment issue: Caio Grunupp (id: 11158)<br>
<br>
<br>

<br>----Client with payment issue: ????????????????????????????????????? (id: 11171)<br>
<br>
<br>

<br>----Client with payment issue: Pablo D. (id: 11195)<br>
<br>
<br>

<br>----Client with payment issue: Luciana Ferreira Nunes (id: 11230)<br>
<br>
<br>

<br>----Client with payment issue: Natan Mantelli (id: 11233)<br>
<br>
<br>

<br>----Client with payment issue: Antonio Carlos (id: 11236)<br>
<br>
<br>

<br>----Client with payment issue: Sinuhe Ceotto (id: 11239)<br>
<br>
<br>

<br>Client without ORDER KEY!!!: S7 Producoes & Eventos (id: 11502)<br>

<br>Client without ORDER KEY!!!: Gabriel Aribi (id: 11504)<br>

<br>Client without ORDER KEY!!!: brunosennaimagens (id: 11510)<br>

<br>Client without ORDER KEY!!!: Marcos Junior (id: 11553)<br>

<br>----Client with payment issue: Marcio Del Poente (id: 11706)<br>
<br>
<br>

<br>Client without ORDER KEY!!!: Mega Minas Sports (id: 11772)<br>

<br>Client without ORDER KEY!!!: Portal 37 (id: 11791)<br>

<br>Client without ORDER KEY!!!: HF Metalúrgica e Fundidos (id: 11792)<br>

<br>Client without ORDER KEY!!!: Grill & Gourmet (id: 11831)<br>

<br>----Client with payment issue: Sete Chaves Fotografia???? (id: 11927)<br>
<br>
<br>

<br>Client without ORDER KEY!!!: Thiago Ribeiro Valeiro (id: 12294)<br>

<br>----Client with payment issue: Eduardo Picasso ???? (id: 12434)<br>
<br>
<br>

<br>----Client with payment issue: Modafitness Fabbrinni (id: 13374)<br>
<br>
<br>

<br>----Client with payment issue: Vitor Cardoso Magnus (id: 13780)<br>
<br>
<br>

<br>Client without ORDER KEY!!!: Diego Garcia (id: 13998)<br>

<br>----Client with payment issue: Yuri Vitoria (id: 14104)<br>
<br>
<br>

<br>----Client with payment issue: Danelon Prime Hair (id: 14773)<br>
<br>
<br>

<br>----Client with payment issue: ????SeRgiO OfiCiaL ???????? (id: 15090)<br>
<br>
<br>

<br>Client without ORDER KEY!!!: Barkeria - Mimos & Petiscos (id: 15142)<br>

<br>Client without ORDER KEY!!!: Fee Oliveira ?? (id: 15166)<br>

<br>----Client with payment issue: Analú Conceito em Acessórios (id: 15258)<br>
<br>
<br>

<br>Client without ORDER KEY!!!: Nina Baking ???? (id: 15376)<br>

<br>Client without ORDER KEY!!!: Artur Abrantes / Pandora ???? (id: 15942)<br>

<br>Client without ORDER KEY!!!: D I R E C T   D I R E I T ???? (id: 16305)<br>

<br>Client without ORDER KEY!!!: Patrick Valle (id: 16543)<br>

<br>----Client with payment issue: Beatriz Araújo (id: 16700)<br>
<br>
<br>

<br>Client without ORDER KEY!!!: Mickael Cortes (id: 16861)<br>

<br>Client without ORDER KEY!!!: Physical Pilates (id: 16972)<br>

<br>----Client with payment issue: Almir Salvattore (id: 17544)<br>
<br>
<br>

<br>Client without ORDER KEY!!!: Guilherme Zicarelli Cravo (id: 17654)<br>

<br>Client without ORDER KEY!!!: OSS Mkt (id: 17690)<br>

<br>----Client with payment issue: David Caran (id: 17784)<br>
<br>
<br>

<br>----Client with payment issue: Made In Brazil (id: 18050)<br>
<br>
<br>

<br>Client without ORDER KEY!!!: Assessoria de Comunicação (id: 18058)<br>

<br>Client without ORDER KEY!!!: Deeh Gonçalves dos Santos (id: 18103)<br>

<br>Client without ORDER KEY!!!: Holy PopCorn (id: 18435)<br>

<br>Client without ORDER KEY!!!: Cartolina Design® (id: 18565)<br>

<br>Client without ORDER KEY!!!: Letícia ???????? (id: 18816)<br>

<br>Client without ORDER KEY!!!: AWS Mining (id: 18842)<br>

<br>Client without ORDER KEY!!!: Eu sou testemunha do Golias (id: 18901)<br>

<br>----Client with payment issue: Angelica Federizzi (id: 18995)<br>
<br>
<br>

<br>Client without ORDER KEY!!!: Mimos & Aromas ???? (id: 19126)<br>

<br>----Client with payment issue: Val Corrêa (id: 19223)<br>
<br>
<br>

<br>Client without ORDER KEY!!!: 7.M Boots (id: 19425)<br>

<br>Client without ORDER KEY!!!: Solus Comunicação e Cultura (id: 19429)<br>

<br>----Client with payment issue: Edu pelotoni (id: 19459)<br>
<br>
<br>

<br>Client without ORDER KEY!!!: Missão Refúgio Hoje® (id: 19462)<br>

<br>Client without ORDER KEY!!!: Jéssica Dias (id: 19512)<br>

<br>----Client with payment issue: Bru Cipullo (id: 19554)<br>
<br>
<br>

<br>Client without ORDER KEY!!!: Oficial Pharma (id: 19844)<br>

<br>Client without ORDER KEY!!!: Ateliê Luiz Rocha (id: 20030)<br>

<br>----Client with payment issue: Yasminn Dias (id: 20180)<br>
<br>
<br>

<br>Client without ORDER KEY!!!: ???????? ACADEMIA  SPORT TOTAL II ???????? (id: 20357)<br>

<br>Client without ORDER KEY!!!: ? (id: 20543)<br>

<br>----Client with payment issue: Isela Mendoza del Castillo (id: 20565)<br>
<br>
<br>

<br>----Client with payment issue: Arquiteta Carolina Martins (id: 20594)<br>
<br>
<br>

<br>----Client with payment issue: Diário de Nós 3 (id: 20617)<br>
<br>
<br>

<br>Client without ORDER KEY!!!: Gou Taguatinga (id: 20664)<br>

<br>Client without ORDER KEY!!!: Oficial FarmaPharma (id: 20682)<br>

<br>----Client with payment issue: ?????            AllineDuran (id: 21036)<br>
<br>
<br>

<br>----Client with payment issue: Ora Bolas Mercado Kids Online (id: 21103)<br>
<br>
<br>

<br>Client without ORDER KEY!!!: Nicolly Magalhães Costa (id: 21236)<br>

<br>Client without ORDER KEY!!!: Dopp Digital (id: 21391)<br>

<br>Client without ORDER KEY!!!: Ramos Segurança Eletrônica (id: 21396)<br>

<br>Client without ORDER KEY!!!: Fabio Lopes (id: 21493)<br>

<br>Client without ORDER KEY!!!: Biscuit por Victória Leite (id: 21517)<br>

<br>Client without ORDER KEY!!!: Trap Burger (id: 21518)<br>

<br>Client without ORDER KEY!!!: ????????????Samilly Machado (id: 21677)<br>

<br>Client without ORDER KEY!!!: Conheça o Espirito Santo (id: 21731)<br>

<br>Client without ORDER KEY!!!: Loira Sim ou Não? (id: 21748)<br>

<br>----Client with payment issue: Santástica União (id: 21875)<br>
<br>
<br>

<br>----Client with payment issue: Helo Ceccatto Hair Designer (id: 21997)<br>
<br>
<br>

<br>Client without ORDER KEY!!!: lucaswiliam (id: 22627)<br>

<br>Client without ORDER KEY!!!: Falandodemaquiagem (id: 22701)<br>

<br>Client without ORDER KEY!!!: Wendell Alves (id: 22753)<br>

<br>Client without ORDER KEY!!!: João (id: 22786)<br>

<br>Client without ORDER KEY!!!: Lucas Rodrigues (id: 22791)<br>

<br>----Client with payment issue: Thammy Dias (id: 23046)<br>
<br>
<br>

<br>Client without ORDER KEY!!!: DâniaK Boutique (id: 23135)<br>

<br>Client without ORDER KEY!!!: Formatação TCC (id: 23227)<br>

<br>Client without ORDER KEY!!!: Josh GK (id: 23274)<br>

<br>Client without ORDER KEY!!!: lucao (id: 23290)<br>

<br>Client without ORDER KEY!!!: Lucas Silva Dos Santos (id: 23291)<br>

<br>----Client with payment issue: Matheus Silva (id: 23293)<br>
<br>
<br>

<br>----Client with payment issue: Ariadine Barreto ???? (id: 23424)<br>
<br>
<br>

<br>----Client with payment issue: Carlos Fell (id: 23465)<br>
<br>
<br>

<br>----Client with payment issue: Sadrack Alves (id: 23502)<br>
<br>
<br>

<br>Client without ORDER KEY!!!: Ericks Pimentel (id: 23543)<br>

<br>----Client with payment issue: carlos eduardo (id: 23595)<br>
<br>
<br>

<br>----Client with payment issue: FERNANDO AMARANTE (id: 24211)<br>
<br>
<br>

<br>----Client with payment issue: Carlos Alberto Barbosa Costa (id: 24610)<br>
<br>
<br>

<br>Client without ORDER KEY!!!: 18laras (id: 24813)<br>

<br>----Client with payment issue: Darlan Red (id: 24900)<br>
<br>
<br>

<br>Client without ORDER KEY!!!: Rio Lisboa Brasil (id: 24901)<br>

<br>----Client with payment issue: Julio Wang (id: 25020)<br>
<br>
<br>

<br>Client without ORDER KEY!!!: Tompson (id: 25524)<br>

<br>----Client with payment issue: Escritora Realista (id: 25947)<br>
<br>
<br>

<br>----Client with payment issue:  (id: 25954)<br>
<br>
<br>

<br>----Client with payment issue: Fabiano Estrela (id: 26274)<br>
<br>
<br>

<br>----Client with payment issue: Envolve Agência Web (id: 26622)<br>
<br>
<br>

<br>----Client with payment issue: Art Digital (id: 26918)<br>
<br>
<br>

<br>----Client with payment issue: Alvi ? (id: 26980)<br>
<br>
<br>

<br>Client without ORDER KEY!!!: Nandokounat (id: 27123)<br>

<br>----Client with payment issue: May???? (id: 27213)<br>
<br>
<br>

<br>----Client with payment issue: Marcelo Toreti Vasconcelos (id: 27278)<br>
<br>
<br>

<br>Client without ORDER KEY!!!: OUTSIDE BAR (id: 27279)<br>

<br>Client without ORDER KEY!!!: Issoaí Açai & Sabor (id: 27281)<br>

<br>Client without ORDER KEY!!!: Yalla Culinária Árabe (id: 27282)<br>

<br>Client without ORDER KEY!!!: Contém Jantinha (id: 27283)<br>

<br>Client without ORDER KEY!!!: Quintal de Casa - OFICIAL (id: 27284)<br>

<br>----Client with payment issue: Access denied (id: 27289)<br>
<br>
<br>

<br>----Client with payment issue: landerlan Oficial ???????? (id: 27325)<br>
<br>
<br>

<br>----Client with payment issue: Domingos Neto - Netão (id: 27338)<br>
<br>
<br>

<br>Client without ORDER KEY!!!: Daniel Cardoso (id: 27357)<br>

<br>----Client with payment issue: Roger Sousa (id: 27445)<br>
<br>
<br>

<br>----Client with payment issue: World-of-Sofia???? (id: 27467)<br>
<br>
<br>

<br>----Client with payment issue: Dra. Jozeani Mayer - JF  ???????????? (id: 27488)<br>
<br>
<br>

<br>Client without ORDER KEY!!!: KARLA CRISTINA (id: 27511)<br>

<br>----Client with payment issue: IJUCI (id: 27555)<br>
<br>
<br>

<br>----Client with payment issue: Visagismo Facial Drika Vianna (id: 27559)<br>
<br>
<br>

<br>----Client with payment issue: Wall Street 027 (id: 27564)<br>
<br>
<br>

<br>----Client with payment issue: EricsonRodrigues (id: 27580)<br>
<br>
<br>

<br>----Client with payment issue: Picolés Péricles (id: 27581)<br>
<br>
<br>

<br>----Client with payment issue: ????? ????Mariana Lima (id: 27644)<br>
<br>
<br>

<br>----Client with payment issue: Poliana (id: 27664)<br>
<br>
<br>

<br>----Client with payment issue: Maribel (id: 27722)<br>
<br>
<br>

<br>----Client with payment issue: Lise Mendes (id: 27728)<br>
<br>
<br>

<br>----Client with payment issue: Neto Da Paula (id: 27737)<br>
<br>
<br>

<br>----Client with payment issue: Zero Vinteum Records (id: 27743)<br>
<br>
<br>

<br>----Client with payment issue: Danniel Araújo (id: 27765)<br>
<br>
<br>

<br>----Client with payment issue: Silva Imports do BRASIL (id: 27771)<br>
<br>
<br>

<br>----Client with payment issue: MOVJOVEM (id: 27794)<br>
<br>
<br>

<br>----Client with payment issue: Rafaela Montenegro (id: 27821)<br>
<br>
<br>

<br>----Client with payment issue: Jéssica Cytrus (id: 27910)<br>
<br>
<br>

<br>----Client with payment issue: Gráfica Graff Print (id: 27964)<br>
<br>
<br>

<br>Client without ORDER KEY!!!: Rosa Duarte Lash & Brow (id: 28069)<br>

<br>Client without ORDER KEY!!!: Caroline Sanches (id: 28080)<br>

<br>Client without ORDER KEY!!!: Pri Avlis (id: 28092)<br>

<br>----Client with payment issue: Ferdi (id: 28096)<br>
<br>
<br>

<br>----Client with payment issue: M ? Z AQ L A N D I N (id: 28097)<br>
<br>
<br>

<br>----Client with payment issue: Daisy Gomes (id: 28117)<br>
<br>
<br>

<br>Client without ORDER KEY!!!: Nosso Apartamento 103 (id: 28145)<br>

<br>----Client with payment issue: Péraxado Produtora (id: 28147)<br>
<br>
<br>

<br>Client without ORDER KEY!!!: Mari Carvalho (id: 28195)<br>

<br>Client without ORDER KEY!!!: Maria Luiza (id: 28213)<br>

<br>----Client with payment issue: Patrick Silva (id: 28229)<br>
<br>
<br>

<br>Client without ORDER KEY!!!: iI Mio Casamento (id: 28250)<br>

<br>Client without ORDER KEY!!!: Dra. Nayane Pachêco ???? (id: 28272)<br>

<br>Client without ORDER KEY!!!: S I L V A N O   N U N E S (id: 28274)<br>

<br>Client without ORDER KEY!!!: TATIANE ALVES ???? (id: 28276)<br>

<br>----Client with payment issue: RAYANNE MARTINS - MAKEUP (id: 28302)<br>
<br>
<br>

<br>Client without ORDER KEY!!!: VITORIA ALMEIDA (id: 28434)<br>

<br>Client without ORDER KEY!!!: Lu Moreira (id: 28437)<br>

<br>----Client with payment issue: BAILE DO LAN (id: 28452)<br>
<br>
<br>

<br>Client without ORDER KEY!!!: Monique Ferreira ???? (id: 28457)<br>

<br>Client without ORDER KEY!!!: Luiz Felipe Souza (id: 28473)<br>

<br>Client without ORDER KEY!!!: Dra. Jôze Paiva (id: 28497)<br>

<br>Client without ORDER KEY!!!: Speciality Coffee - R.DE MOURA (id: 28504)<br>

<br>----Client with payment issue: Emme (id: 28514)<br>
<br>
<br>

<br>Client without ORDER KEY!!!: Carol Gama (id: 28516)<br>

<br>Client without ORDER KEY!!!: Martins Consultoria (id: 28517)<br>

<br>----Client with payment issue: Gustavo Lima (id: 28533)<br>
<br>
<br>

<br>Client without ORDER KEY!!!: Wesley Oliveira ???? ???????? (id: 28544)<br>

<br>Client without ORDER KEY!!!: Rumo ao sucesso! #IndiKqui (id: 28548)<br>

<br>Client without ORDER KEY!!!: Luana Hungria ???? (id: 28551)<br>

<br>Client without ORDER KEY!!!: Karen Cintra ???? (id: 28557)<br>

<br>Client without ORDER KEY!!!: Studio Reabilitar (id: 28566)<br>

<br>Client without ORDER KEY!!!: Jeane Amaral (id: 28573)<br>

<br>Client without ORDER KEY!!!: Webster Ramalho (id: 28574)<br>

<br>Client without ORDER KEY!!!: João Vitor Zaneti (id: 28593)<br>

<br>Client without ORDER KEY!!!: C A N A L • D A •N O U B E R (id: 28642)<br>

<br>Client without ORDER KEY!!!: Ellen Beatriz Rauber (id: 28654)<br>

<br>Client without ORDER KEY!!!: ingrid_Ferreira 25 (id: 28667)<br>

<br>Client without ORDER KEY!!!: ???? Natural Forever ???? (id: 28674)<br>

<br>Client without ORDER KEY!!!: Maria Karen Costa ???? (id: 28678)<br>

<br>Client without ORDER KEY!!!: Theo&Kate_Ragdolls ???????? (id: 28692)<br>

<br>Client without ORDER KEY!!!: alexandro  |  Publicitário (id: 28698)<br>

<br>----Client with payment issue: Encanto Semijoias ? Fabricante (id: 28702)<br>
<br>
<br>

<br>Client without ORDER KEY!!!: Eventos Corporativos e Sociais (id: 28720)<br>

<br>----Client with payment issue: Lucas Godinho (id: 28728)<br>
<br>
<br>

<br>Client without ORDER KEY!!!: Gameoverworldmx (id: 28738)<br>

<br>----Client with payment issue: PraSempreEmMim (id: 28761)<br>
<br>
<br>

<br>Client without ORDER KEY!!!: Luciana Delavec (id: 28774)<br>

<br>Client without ORDER KEY!!!: EDER SILVEIRA ™ (id: 28814)<br>

<br>----Client with payment issue: Rosana Tiburtino (id: 28843)<br>
<br>
<br>

<br>----Client with payment issue: ? Lucas Vasconcelos (id: 28849)<br>
<br>
<br>

<br>----Client with payment issue: 2T DO ARROCHA (id: 28854)<br>
<br>
<br>

<br>Client without ORDER KEY!!!: Camila Itzack Makeup ???????? (id: 28863)<br>

<br>Client without ORDER KEY!!!: GABRIELA CARVALHO (id: 28890)<br>

<br>Client without ORDER KEY!!!: Everton Viana ® (id: 28922)<br>

<br>----Client with payment issue: Shirley Santana (id: 28927)<br>
<br>
<br>

<br>Client without ORDER KEY!!!: ???? L e t í c i a  T o l e d o ???? (id: 28932)<br>

<br>Client without ORDER KEY!!!: bunker???????? (id: 28970)<br>

<br>Client without ORDER KEY!!!: 1kg do bom (id: 28995)<br>

<br>----Client with payment issue: Monize Taniguti (id: 93)<br>
<br>
<br>

<br>----Client with payment issue: Thays calmon (id: 2693)<br>
<br>
<br>

<br>----Client with payment issue: Fraga Bar (id: 3292)<br>
<br>
<br>

<br>----Client with payment issue: Lorena Maia (id: 4236)<br>
<br>
<br>

<br>----Client with payment issue: Por Kátia Souto Carvalho (id: 6264)<br>
<br>
<br>

<br>----Client with payment issue: Star Point Surf Shop (id: 9735)<br>
<br>
<br>

<br>----Client with payment issue: Juaimobiliária (id: 10878)<br>
<br>
<br>

<br>----Client with payment issue: ACADEMIA KING THAI (id: 10893)<br>
<br>
<br>

<br>----Client with payment issue: B r u n o C e r q u e i r a (id: 11059)<br>
<br>
<br>

<br>----Client with payment issue: Júlio Baptista Oficial (id: 11090)<br>
<br>
<br>

<br>----Client with payment issue: Mariela Moreira Atelier (id: 11095)<br>
<br>
<br>

<br>----Client with payment issue: Danylo Dourado (id: 11139)<br>
<br>
<br>

<br>----Client with payment issue: RODRIGO FERREIRA (id: 11235)<br>
<br>
<br>

<br>----Client with payment issue: 365 In Dubai (id: 11238)<br>
<br>
<br>

<br>----Client with payment issue: AMA  Assessoria (id: 11571)<br>
<br>
<br>

<br>----Client with payment issue: DraAline Silva (id: 11681)<br>
<br>
<br>

<br>----Client with payment issue: ?????? ??????????????????? (id: 11718)<br>
<br>
<br>

<br>----Client with payment issue: Heitor & Vinicius (id: 12052)<br>
<br>
<br>

<br>----Client with payment issue: Luzia Cerqueira (id: 12117)<br>
<br>
<br>

<br>----Client with payment issue: Raphaela Becker (id: 13426)<br>
<br>
<br>

<br>----Client with payment issue: João Marcos (id: 14096)<br>
<br>
<br>

<br>----Client with payment issue: it's & co. (id: 14161)<br>
<br>
<br>

<br>----Client with payment issue: Liv Drinks (id: 14922)<br>
<br>
<br>

<br>----Client with payment issue: Portal Auto Shopping (id: 15023)<br>
<br>
<br>

<br>----Client with payment issue: MANU FRAGA ??????????????????? (id: 15024)<br>
<br>
<br>

<br>----Client with payment issue: ??Ana Aragão?? (id: 15377)<br>
<br>
<br>

<br>----Client with payment issue: Juli Be Fit- Personal Diet (id: 15742)<br>
<br>
<br>

<br>----Client with payment issue: Bianca Coelho Decora (id: 16234)<br>
<br>
<br>

<br>----Client with payment issue: Dra. Yily De Los Santos (id: 16277)<br>
<br>
<br>

<br>----Client with payment issue: Júnior Portes (id: 16282)<br>
<br>
<br>

<br>----Client with payment issue: Blanch cosmetiques (id: 16992)<br>
<br>
<br>

<br>----Client with payment issue: El Uruguayo (id: 18051)<br>
<br>
<br>

<br>----Client with payment issue: Osnir Hamburger (id: 18053)<br>
<br>
<br>

<br>----Client with payment issue: Eduardo Truffi Neto (id: 18054)<br>
<br>
<br>

<br>----Client with payment issue: Carolina Norton de Matos (id: 18089)<br>
<br>
<br>

<br>----Client with payment issue: Ethiane Marques de Oliveira (id: 18129)<br>
<br>
<br>

<br>----Client with payment issue: #maedetres (id: 18216)<br>
<br>
<br>

<br>----Client with payment issue:  (id: 18356)<br>
<br>
<br>

<br>----Client with payment issue: QUARTO 22 (id: 18568)<br>
<br>
<br>

<br>----Client with payment issue: Keli Salatino  ?? (id: 18645)<br>
<br>
<br>

<br>----Client with payment issue: Mansion Del Mar Búzios (id: 18980)<br>
<br>
<br>

<br>----Client with payment issue: TUM Sound Festival ???????? (id: 18991)<br>
<br>
<br>

<br>----Client with payment issue: GventurinPersonalTrainer (id: 19152)<br>
<br>
<br>

<br>----Client with payment issue: Grupo Straight Wire RJ (id: 19207)<br>
<br>
<br>

<br>----Client with payment issue: FAST FIT (id: 19217)<br>
<br>
<br>

<br>----Client with payment issue: Daly Store???????? (id: 19656)<br>
<br>
<br>

<br>----Client with payment issue: V@sco Sá ® (id: 19701)<br>
<br>
<br>

<br>----Client with payment issue: Sueli S.? (id: 19831)<br>
<br>
<br>

<br>----Client with payment issue: Díade "Acessórios com afeto"???? (id: 19833)<br>
<br>
<br>

<br>----Client with payment issue: Grifes e Design (id: 19835)<br>
<br>
<br>

<br>----Client with payment issue: Center Perfumaria (id: 20065)<br>
<br>
<br>

<br>----Client with payment issue: Chandler Stout (id: 20503)<br>
<br>
<br>

<br>----Client with payment issue: Entropia (id: 20612)<br>
<br>
<br>

<br>----Client with payment issue: Calábria Pizzaria (id: 20784)<br>
<br>
<br>

<br>----Client with payment issue: Por Felipe Castro (id: 20818)<br>
<br>
<br>

<br>----Client with payment issue: Luciano (id: 21062)<br>
<br>
<br>

<br>----Client with payment issue: Viktor Coelho (id: 21230)<br>
<br>
<br>

<br>----Client with payment issue: Ricardo Ribeiro (id: 21368)<br>
<br>
<br>

<br>----Client with payment issue: grupo.embracon (id: 21879)<br>
<br>
<br>

<br>----Client with payment issue: Vilma Martins (id: 22066)<br>
<br>
<br>

<br>----Client with payment issue: Laura Coelho (id: 22285)<br>
<br>
<br>

<br>----Client with payment issue: creddie (id: 23775)<br>
<br>
<br>

<br>----Client with payment issue: Dna Photo e Vídeo (id: 23827)<br>
<br>
<br>

<br>----Client with payment issue: game center (id: 23898)<br>
<br>
<br>

<br>----Client with payment issue: Ali-Ali (id: 24233)<br>
<br>
<br>

<br>----Client with payment issue: PL ???????? (id: 24472)<br>
<br>
<br>

<br>----Client with payment issue: Kessya Cruz ???????? (id: 25448)<br>
<br>
<br>

<br>----Client with payment issue: Fitness Suplementos (id: 25591)<br>
<br>
<br>

<br>----Client with payment issue: Sushizeria Sushi Truck (id: 25859)<br>
<br>
<br>

<br>----Client with payment issue: Instituto Ybi (id: 26159)<br>
<br>
<br>

<br>----Client with payment issue: Yury Vinícius (id: 26226)<br>
<br>
<br>

<br>----Client with payment issue:  (id: 26399)<br>
<br>
<br>

<br>----Client with payment issue: Arenadosblocos (id: 26752)<br>
<br>
<br>

<br>----Client with payment issue: luis miguel (id: 27186)<br>
<br>
<br>

<br>----Client with payment issue: La Puta Madre (id: 27335)<br>
<br>
<br>

<br>----Client with payment issue: Katiane Silva (id: 27362)<br>
<br>
<br>

<br>----Client with payment issue: Gelotti Sports (id: 27432)<br>
<br>
<br>

<br>----Client with payment issue: Casa de Carnes Bom Beef (id: 27437)<br>
<br>
<br>

<br>----Client with payment issue: LÔ BO'TIQUE (id: 27532)<br>
<br>
<br>

<br>----Client with payment issue: Bakwara Brasil (id: 27584)<br>
<br>
<br>

<br>----Client with payment issue: Ro Giacomello (id: 27654)<br>
<br>
<br>

<br>----Client with payment issue: BRIGADEIRICES by DÉBORA PAULA (id: 27672)<br>
<br>
<br>

<br>----Client with payment issue: Solve Brazil (id: 27686)<br>
<br>
<br>

<br>----Client with payment issue: Fernanda Volpi (id: 27695)<br>
<br>
<br>

<br>----Client with payment issue: CHD (id: 27699)<br>
<br>
<br>

<br>----Client with payment issue: Na Cara Do Gol: 48 99155 1811 (id: 27896)<br>
<br>
<br>

<br>----Client with payment issue: Cyro Fuziama (id: 28001)<br>
<br>
<br>

<br>----Client with payment issue: closetdasduasto (id: 28062)<br>
<br>
<br>

<br>----Client with payment issue: Gardel Maroz (id: 28075)<br>
<br>
<br>

<br>----Client with payment issue: ALVO MARKETING (id: 28240)<br>
<br>
<br>

<br>----Client with payment issue: meirellesipc (id: 28436)<br>
<br>
<br>

<br>----Client with payment issue: MáquinaBike Bicicletas (id: 28503)<br>
<br>
<br>

<br>----Client with payment issue: Lili Spada (id: 28782)<br>
<br>
<br>

<br>Client without ORDER KEY and pay data data expired!!!: Itamix (id: 28949)<br>
<br>Email send to client: Itamix<br>
<br>----Client with payment issue: Restaurante Barió (id: 29004)<br>
<br>
<br>

<br>----Client with payment issue: F. (id: 28031)<br>
<br>
<br>

<br>----Client with payment issue: desativando (id: 28962)<br>
<br>
<br>

<br>----Client with payment issue: Xodozinho Retratos (id: 245)<br>
<br>
<br>

<br>----Client with payment issue: KST - Importados (id: 11465)<br>
<br>
<br>

<br>----Client with payment issue: Mãe Me Quer Ateliê (id: 20281)<br>
<br>
<br>

<br>----Client with payment issue: Lucas Lermen Fotografia (id: 27166)<br>
<br>
<br>

<br>----Client with payment issue: Farmaceutico Esteta (id: 28755)<br>
<br>
<br>

<br>----Client with payment issue: Loja Ópera (id: 11377)<br>
<br>
<br>

<br>----Client with payment issue: André Luiz de Nardo (id: 13747)<br>
<br>
<br>

<br>----Client with payment issue: www.prettynew.com.br (id: 25220)<br>
<br>
<br>

<br>----Client with payment issue: FZO (id: 27232)<br>
<br>
<br>

<br>----Client with payment issue: Brava Entretenimento (id: 28417)<br>
<br>
<br>

<br>----Client with payment issue: Bianca Camargo (id: 20057)<br>
<br>
<br>


<br>Job Done!2018-05-15 01:27:28am

